8897  read(3, "\177ELF\2\1\1\0\0\0\0\0\0\0\0\0\3\0>\0\1\0\0\0\0\0\0\0\0\0\0\0"..., 832) = 832
8897  read(3, "\177ELF\2\1\1\3\0\0\0\0\0\0\0\0\3\0>\0\1\0\0\0\0\212\2\0\0\0\0\0"..., 832) = 832
8897  read(3, "\177ELF\2\1\1\3\0\0\0\0\0\0\0\0\3\0>\0\1\0\0\0\0\361I\0\0\0\0\0"..., 832) = 832
8897  read(3, "\177ELF\2\1\1\0\0\0\0\0\0\0\0\0\3\0>\0\1\0\0\0\260A\0\0\0\0\0\0"..., 832) = 832
8897  read(3, "\177ELF\2\1\1\0\0\0\0\0\0\0\0\0\3\0>\0\1\0\0\0\0\0\0\0\0\0\0\0"..., 832) = 832
8897  read(3, "\177ELF\2\1\1\0\0\0\0\0\0\0\0\0\3\0>\0\1\0\0\0\0\0\0\0\0\0\0\0"..., 832) = 832
8897  read(3, "\177ELF\2\1\1\0\0\0\0\0\0\0\0\0\3\0>\0\1\0\0\0\0\0\0\0\0\0\0\0"..., 832) = 832
8897  read(3, "\177ELF\2\1\1\0\0\0\0\0\0\0\0\0\3\0>\0\1\0\0\0\0\364\0\0\0\0\0\0"..., 832) = 832
8897  read(3, "\177ELF\2\1\1\3\0\0\0\0\0\0\0\0\3\0>\0\1\0\0\0\0\0\0\0\0\0\0\0"..., 832) = 832
8897  read(3, "\177ELF\2\1\1\3\0\0\0\0\0\0\0\0\3\0>\0\1\0\0\0\0\0\0\0\0\0\0\0"..., 832) = 832
8897  read(3, "\177ELF\2\1\1\0\0\0\0\0\0\0\0\0\3\0>\0\1\0\0\0\0\0\0\0\0\0\0\0"..., 832) = 832
8897  read(3, "\177ELF\2\1\1\3\0\0\0\0\0\0\0\0\3\0>\0\1\0\0\0P\237\2\0\0\0\0\0"..., 832) = 832
8897  read(3, "\177ELF\2\1\1\0\0\0\0\0\0\0\0\0\3\0>\0\1\0\0\0\0\0\0\0\0\0\0\0"..., 832) = 832
8897  read(3, "\177ELF\2\1\1\0\0\0\0\0\0\0\0\0\3\0>\0\1\0\0\0\0\0\0\0\0\0\0\0"..., 832) = 832
8897  read(3, "\177ELF\2\1\1\3\0\0\0\0\0\0\0\0\3\0>\0\1\0\0\0\0\0\0\0\0\0\0\0"..., 832) = 832
8897  read(3, "\177ELF\2\1\1\0\0\0\0\0\0\0\0\0\3\0>\0\1\0\0\0\0\0\0\0\0\0\0\0"..., 832) = 832
8897  read(3, "\177ELF\2\1\1\0\0\0\0\0\0\0\0\0\3\0>\0\1\0\0\0\0\0\0\0\0\0\0\0"..., 832) = 832
8897  read(3, "\177ELF\2\1\1\0\0\0\0\0\0\0\0\0\3\0>\0\1\0\0\0\0\0\0\0\0\0\0\0"..., 832) = 832
8897  read(3, "\177ELF\2\1\1\0\0\0\0\0\0\0\0\0\3\0>\0\1\0\0\0\0\0\0\0\0\0\0\0"..., 832) = 832
8897  read(3, "\177ELF\2\1\1\0\0\0\0\0\0\0\0\0\3\0>\0\1\0\0\0\0\0\0\0\0\0\0\0"..., 832) = 832
8897  read(3, "\177ELF\2\1\1\0\0\0\0\0\0\0\0\0\3\0>\0\1\0\0\0\0\0\0\0\0\0\0\0"..., 832) = 832
8897  read(3, "\177ELF\2\1\1\0\0\0\0\0\0\0\0\0\3\0>\0\1\0\0\0\0\0\0\0\0\0\0\0"..., 832) = 832
8897  read(3, "\177ELF\2\1\1\0\0\0\0\0\0\0\0\0\3\0>\0\1\0\0\0\0\0\0\0\0\0\0\0"..., 832) = 832
8897  read(3, "\177ELF\2\1\1\0\0\0\0\0\0\0\0\0\3\0>\0\1\0\0\0\0\0\0\0\0\0\0\0"..., 832) = 832
8897  read(3, "\177ELF\2\1\1\0\0\0\0\0\0\0\0\0\3\0>\0\1\0\0\0\0\0\0\0\0\0\0\0"..., 832) = 832
8897  read(3, "\177ELF\2\1\1\0\0\0\0\0\0\0\0\0\3\0>\0\1\0\0\0\0\0\0\0\0\0\0\0"..., 832) = 832
8897  read(3, "\177ELF\2\1\1\0\0\0\0\0\0\0\0\0\3\0>\0\1\0\0\0 \0\3\0\0\0\0\0"..., 832) = 832
8897  read(3, "\177ELF\2\1\1\0\0\0\0\0\0\0\0\0\3\0>\0\1\0\0\0\0\0\0\0\0\0\0\0"..., 832) = 832
8897  read(3, "\177ELF\2\1\1\0\0\0\0\0\0\0\0\0\3\0>\0\1\0\0\0\0\0\0\0\0\0\0\0"..., 832) = 832
8897  read(3, "\177ELF\2\1\1\0\0\0\0\0\0\0\0\0\3\0>\0\1\0\0\0\0\0\0\0\0\0\0\0"..., 832) = 832
8897  read(3, "\177ELF\2\1\1\0\0\0\0\0\0\0\0\0\3\0>\0\1\0\0\0\0\0\0\0\0\0\0\0"..., 832) = 832
8897  read(3, "\177ELF\2\1\1\0\0\0\0\0\0\0\0\0\3\0>\0\1\0\0\0\0\0\0\0\0\0\0\0"..., 832) = 832
8897  read(3, "\177ELF\2\1\1\0\0\0\0\0\0\0\0\0\3\0>\0\1\0\0\0\0\0\0\0\0\0\0\0"..., 832) = 832
8897  read(3, "\177ELF\2\1\1\0\0\0\0\0\0\0\0\0\3\0>\0\1\0\0\0\0\0\0\0\0\0\0\0"..., 832) = 832
8897  read(3, "\177ELF\2\1\1\0\0\0\0\0\0\0\0\0\3\0>\0\1\0\0\0\0\0\0\0\0\0\0\0"..., 832) = 832
8897  read(3, "\177ELF\2\1\1\0\0\0\0\0\0\0\0\0\3\0>\0\1\0\0\0\0\0\0\0\0\0\0\0"..., 832) = 832
8897  read(3, "\177ELF\2\1\1\0\0\0\0\0\0\0\0\0\3\0>\0\1\0\0\0\0\0\0\0\0\0\0\0"..., 832) = 832
8897  read(3, "\177ELF\2\1\1\0\0\0\0\0\0\0\0\0\3\0>\0\1\0\0\0\0\0\0\0\0\0\0\0"..., 832) = 832
8897  read(3, "\177ELF\2\1\1\0\0\0\0\0\0\0\0\0\3\0>\0\1\0\0\0\0\0\0\0\0\0\0\0"..., 832) = 832
8897  read(3, "\177ELF\2\1\1\0\0\0\0\0\0\0\0\0\3\0>\0\1\0\0\0\0\0\0\0\0\0\0\0"..., 832) = 832
8897  read(3, "\177ELF\2\1\1\0\0\0\0\0\0\0\0\0\3\0>\0\1\0\0\0\0\0\0\0\0\0\0\0"..., 832) = 832
8897  read(3, "\177ELF\2\1\1\0\0\0\0\0\0\0\0\0\3\0>\0\1\0\0\0\0\0\0\0\0\0\0\0"..., 832) = 832
8897  read(3, "\177ELF\2\1\1\0\0\0\0\0\0\0\0\0\3\0>\0\1\0\0\0\0\0\0\0\0\0\0\0"..., 832) = 832
8897  read(3, "\177ELF\2\1\1\0\0\0\0\0\0\0\0\0\3\0>\0\1\0\0\0\0\0\0\0\0\0\0\0"..., 832) = 832
8897  read(3, "\177ELF\2\1\1\0\0\0\0\0\0\0\0\0\3\0>\0\1\0\0\0\0\0\0\0\0\0\0\0"..., 832) = 832
8897  read(3, "\177ELF\2\1\1\0\0\0\0\0\0\0\0\0\3\0>\0\1\0\0\0 b\0\0\0\0\0\0"..., 832) = 832
8897  read(3, "\177ELF\2\1\1\0\0\0\0\0\0\0\0\0\3\0>\0\1\0\0\0\2404\0\0\0\0\0\0"..., 832) = 832
8897  read(3, "\177ELF\2\1\1\0\0\0\0\0\0\0\0\0\3\0>\0\1\0\0\0\0\21\0\0\0\0\0\0"..., 832) = 832
8897  read(3, "\177ELF\2\1\1\0\0\0\0\0\0\0\0\0\3\0>\0\1\0\0\0\340\202\4\0\0\0\0\0"..., 832) = 832
8897  read(3, "\177ELF\2\1\1\0\0\0\0\0\0\0\0\0\3\0>\0\1\0\0\0\220\3\1\0\0\0\0\0"..., 832) = 832
8897  read(3, "\177ELF\2\1\1\0\0\0\0\0\0\0\0\0\3\0>\0\1\0\0\0\0\0\0\0\0\0\0\0"..., 832) = 832
8897  read(3, "\177ELF\2\1\1\0\0\0\0\0\0\0\0\0\3\0>\0\1\0\0\0\0\0\0\0\0\0\0\0"..., 832) = 832
8897  read(3, "\177ELF\2\1\1\0\0\0\0\0\0\0\0\0\3\0>\0\1\0\0\0\200\22\0\0\0\0\0\0"..., 832) = 832
8897  read(3, "\177ELF\2\1\1\0\0\0\0\0\0\0\0\0\3\0>\0\1\0\0\0`u\0\0\0\0\0\0"..., 832) = 832
8897  read(3, "\177ELF\2\1\1\0\0\0\0\0\0\0\0\0\3\0>\0\1\0\0\0\0\0\0\0\0\0\0\0"..., 832) = 832
8897  read(3, "\177ELF\2\1\1\0\0\0\0\0\0\0\0\0\3\0>\0\1\0\0\0\0\0\0\0\0\0\0\0"..., 832) = 832
8897  read(3, "\177ELF\2\1\1\0\0\0\0\0\0\0\0\0\3\0>\0\1\0\0\0\0\0\0\0\0\0\0\0"..., 832) = 832
8897  read(3, "\177ELF\2\1\1\0\0\0\0\0\0\0\0\0\3\0>\0\1\0\0\0@\217\0\0\0\0\0\0"..., 832) = 832
8897  read(3, "\177ELF\2\1\1\0\0\0\0\0\0\0\0\0\3\0>\0\1\0\0\0\300X\3\0\0\0\0\0"..., 832) = 832
8897  read(3, "\177ELF\2\1\1\0\0\0\0\0\0\0\0\0\3\0>\0\1\0\0\0\0\1\1\0\0\0\0\0"..., 832) = 832
8897  read(3, "\177ELF\2\1\1\0\0\0\0\0\0\0\0\0\3\0>\0\1\0\0\0\0\0\0\0\0\0\0\0"..., 832) = 832
8897  read(3, "\177ELF\2\1\1\0\0\0\0\0\0\0\0\0\3\0>\0\1\0\0\0\0\0\0\0\0\0\0\0"..., 832) = 832
8897  read(3, "\177ELF\2\1\1\0\0\0\0\0\0\0\0\0\3\0>\0\1\0\0\0\240<\2\0\0\0\0\0"..., 832) = 832
8897  read(3, "\177ELF\2\1\1\0\0\0\0\0\0\0\0\0\3\0>\0\1\0\0\0p\261\3\0\0\0\0\0"..., 832) = 832
8897  read(3, "\177ELF\2\1\1\0\0\0\0\0\0\0\0\0\3\0>\0\1\0\0\0@r\0\0\0\0\0\0"..., 832) = 832
8897  read(3, "\177ELF\2\1\1\0\0\0\0\0\0\0\0\0\3\0>\0\1\0\0\0`\327\0\0\0\0\0\0"..., 832) = 832
8897  read(3, "\177ELF\2\1\1\0\0\0\0\0\0\0\0\0\3\0>\0\1\0\0\0000Y\0\0\0\0\0\0"..., 832) = 832
8897  read(3, "\177ELF\2\1\1\0\0\0\0\0\0\0\0\0\3\0>\0\1\0\0\0\0\0\0\0\0\0\0\0"..., 832) = 832
8897  read(3, "\177ELF\2\1\1\0\0\0\0\0\0\0\0\0\3\0>\0\1\0\0\0\240\370\0\0\0\0\0\0"..., 832) = 832
8897  read(3, "\177ELF\2\1\1\0\0\0\0\0\0\0\0\0\3\0>\0\1\0\0\0\220\241\1\0\0\0\0\0"..., 832) = 832
8897  read(3, "\177ELF\2\1\1\0\0\0\0\0\0\0\0\0\3\0>\0\1\0\0\0\0\0\0\0\0\0\0\0"..., 832) = 832
8897  read(3, "\177ELF\2\1\1\0\0\0\0\0\0\0\0\0\3\0>\0\1\0\0\0\0\0\0\0\0\0\0\0"..., 832) = 832
8897  read(3, "\177ELF\2\1\1\0\0\0\0\0\0\0\0\0\3\0>\0\1\0\0\0\300%\0\0\0\0\0\0"..., 832) = 832
8897  read(3, "\177ELF\2\1\1\0\0\0\0\0\0\0\0\0\3\0>\0\1\0\0\0\260\236\6\0\0\0\0\0"..., 832) = 832
8897  read(3, "\177ELF\2\1\1\0\0\0\0\0\0\0\0\0\3\0>\0\1\0\0\0\0\0\0\0\0\0\0\0"..., 832) = 832
8897  read(3, "\177ELF\2\1\1\0\0\0\0\0\0\0\0\0\3\0>\0\1\0\0\0\20\376\1\0\0\0\0\0"..., 832) = 832
8897  read(3, "\177ELF\2\1\1\0\0\0\0\0\0\0\0\0\3\0>\0\1\0\0\0\0\0\0\0\0\0\0\0"..., 832) = 832
8897  read(3, "\177ELF\2\1\1\0\0\0\0\0\0\0\0\0\3\0>\0\1\0\0\0\0\0\0\0\0\0\0\0"..., 832) = 832
8897  read(3, "\177ELF\2\1\1\0\0\0\0\0\0\0\0\0\3\0>\0\1\0\0\0\340|\0\0\0\0\0\0"..., 832) = 832
8897  read(3, "\177ELF\2\1\1\0\0\0\0\0\0\0\0\0\3\0>\0\1\0\0\0\0\0\0\0\0\0\0\0"..., 832) = 832
8897  read(3, "\177ELF\2\1\1\0\0\0\0\0\0\0\0\0\3\0>\0\1\0\0\0\0\0\0\0\0\0\0\0"..., 832) = 832
8897  read(3, "\177ELF\2\1\1\0\0\0\0\0\0\0\0\0\3\0>\0\1\0\0\0\0\0\0\0\0\0\0\0"..., 832) = 832
8897  read(3, "\177ELF\2\1\1\0\0\0\0\0\0\0\0\0\3\0>\0\1\0\0\0\0\0\0\0\0\0\0\0"..., 832) = 832
8897  read(3, "\177ELF\2\1\1\0\0\0\0\0\0\0\0\0\3\0>\0\1\0\0\0\0\0\0\0\0\0\0\0"..., 832) = 832
8897  read(3, "\177ELF\2\1\1\0\0\0\0\0\0\0\0\0\3\0>\0\1\0\0\0\0\0\0\0\0\0\0\0"..., 832) = 832
8897  read(3, "\177ELF\2\1\1\0\0\0\0\0\0\0\0\0\3\0>\0\1\0\0\0\340\305\3\0\0\0\0\0"..., 832) = 832
8897  read(3, "\177ELF\2\1\1\0\0\0\0\0\0\0\0\0\3\0>\0\1\0\0\0@\"\0\0\0\0\0\0"..., 832) = 832
8897  read(3, "\177ELF\2\1\1\0\0\0\0\0\0\0\0\0\3\0>\0\1\0\0\0\0\0\0\0\0\0\0\0"..., 832) = 832
8897  read(3, "\177ELF\2\1\1\0\0\0\0\0\0\0\0\0\3\0>\0\1\0\0\0\0\0\0\0\0\0\0\0"..., 832) = 832
8897  read(3, "\177ELF\2\1\1\0\0\0\0\0\0\0\0\0\3\0>\0\1\0\0\0@7\0\0\0\0\0\0"..., 832) = 832
8897  read(3, "\177ELF\2\1\1\0\0\0\0\0\0\0\0\0\3\0>\0\1\0\0\0@y\0\0\0\0\0\0"..., 832) = 832
8897  read(3, "\177ELF\2\1\1\0\0\0\0\0\0\0\0\0\3\0>\0\1\0\0\0\0\0\0\0\0\0\0\0"..., 832) = 832
8897  read(3, "\177ELF\2\1\1\0\0\0\0\0\0\0\0\0\3\0>\0\1\0\0\0\0\0\0\0\0\0\0\0"..., 832) = 832
8897  read(3, "\177ELF\2\1\1\0\0\0\0\0\0\0\0\0\3\0>\0\1\0\0\0\0\0\0\0\0\0\0\0"..., 832) = 832
8897  read(3, "\177ELF\2\1\1\0\0\0\0\0\0\0\0\0\3\0>\0\1\0\0\0\0\0\0\0\0\0\0\0"..., 832) = 832
8897  read(3, "\177ELF\2\1\1\0\0\0\0\0\0\0\0\0\3\0>\0\1\0\0\0\0\0\0\0\0\0\0\0"..., 832) = 832
8897  read(3, "\177ELF\2\1\1\0\0\0\0\0\0\0\0\0\3\0>\0\1\0\0\0\0\0\0\0\0\0\0\0"..., 832) = 832
8897  read(3, "\177ELF\2\1\1\0\0\0\0\0\0\0\0\0\3\0>\0\1\0\0\0\0\0\0\0\0\0\0\0"..., 832) = 832
8897  read(3, "\177ELF\2\1\1\0\0\0\0\0\0\0\0\0\3\0>\0\1\0\0\0\0\0\0\0\0\0\0\0"..., 832) = 832
8897  read(3, "\177ELF\2\1\1\0\0\0\0\0\0\0\0\0\3\0>\0\1\0\0\0\0\0\0\0\0\0\0\0"..., 832) = 832
8897  read(3, "\177ELF\2\1\1\0\0\0\0\0\0\0\0\0\3\0>\0\1\0\0\0\300\33\0\0\0\0\0\0"..., 832) = 832
8897  read(3, "\177ELF\2\1\1\0\0\0\0\0\0\0\0\0\3\0>\0\1\0\0\0\0\0\0\0\0\0\0\0"..., 832) = 832
8897  read(3, "\177ELF\2\1\1\0\0\0\0\0\0\0\0\0\3\0>\0\1\0\0\0\0\0\0\0\0\0\0\0"..., 832) = 832
8897  read(3, "\177ELF\2\1\1\0\0\0\0\0\0\0\0\0\3\0>\0\1\0\0\0@\200\0\0\0\0\0\0"..., 832) = 832
8897  read(3, "\177ELF\2\1\1\0\0\0\0\0\0\0\0\0\3\0>\0\1\0\0\0 \21\0\0\0\0\0\0"..., 832) = 832
8897  read(3, "\177ELF\2\1\1\0\0\0\0\0\0\0\0\0\3\0>\0\1\0\0\0\0\0\0\0\0\0\0\0"..., 832) = 832
8897  read(3, "\177ELF\2\1\1\0\0\0\0\0\0\0\0\0\3\0>\0\1\0\0\0\0\0\0\0\0\0\0\0"..., 832) = 832
8897  read(3, "\177ELF\2\1\1\0\0\0\0\0\0\0\0\0\3\0>\0\1\0\0\0\0\0\0\0\0\0\0\0"..., 832) = 832
8897  read(3, "\177ELF\2\1\1\0\0\0\0\0\0\0\0\0\3\0>\0\1\0\0\0\0\0\0\0\0\0\0\0"..., 832) = 832
8897  read(3, "\177ELF\2\1\1\0\0\0\0\0\0\0\0\0\3\0>\0\1\0\0\0\0\0\0\0\0\0\0\0"..., 832) = 832
8897  read(3, "\177ELF\2\1\1\0\0\0\0\0\0\0\0\0\3\0>\0\1\0\0\0\0\0\0\0\0\0\0\0"..., 832) = 832
8897  read(3, "\177ELF\2\1\1\0\0\0\0\0\0\0\0\0\3\0>\0\1\0\0\0\240\336\0\0\0\0\0\0"..., 832) = 832
8897  read(3, "\177ELF\2\1\1\0\0\0\0\0\0\0\0\0\3\0>\0\1\0\0\0\0\0\0\0\0\0\0\0"..., 832) = 832
8897  read(3, "\177ELF\2\1\1\0\0\0\0\0\0\0\0\0\3\0>\0\1\0\0\0\0\0\0\0\0\0\0\0"..., 832) = 832
8897  read(3, "\177ELF\2\1\1\0\0\0\0\0\0\0\0\0\3\0>\0\1\0\0\0\0\0\0\0\0\0\0\0"..., 832) = 832
8897  read(3, "\177ELF\2\1\1\0\0\0\0\0\0\0\0\0\3\0>\0\1\0\0\0\0\0\0\0\0\0\0\0"..., 832) = 832
8897  read(3, "\177ELF\2\1\1\0\0\0\0\0\0\0\0\0\3\0>\0\1\0\0\0\0\0\0\0\0\0\0\0"..., 832) = 832
8897  read(3, "\177ELF\2\1\1\0\0\0\0\0\0\0\0\0\3\0>\0\1\0\0\0\0\0\0\0\0\0\0\0"..., 832) = 832
8897  read(3, "\177ELF\2\1\1\0\0\0\0\0\0\0\0\0\3\0>\0\1\0\0\0\0\0\0\0\0\0\0\0"..., 832) = 832
8897  read(3, "\177ELF\2\1\1\0\0\0\0\0\0\0\0\0\3\0>\0\1\0\0\0\3406\0\0\0\0\0\0"..., 832) = 832
8897  read(3, "\177ELF\2\1\1\0\0\0\0\0\0\0\0\0\3\0>\0\1\0\0\0`!\0\0\0\0\0\0"..., 832) = 832
8897  read(3, "\177ELF\2\1\1\0\0\0\0\0\0\0\0\0\3\0>\0\1\0\0\0\0\0\0\0\0\0\0\0"..., 832) = 832
8897  read(3, "\177ELF\2\1\1\0\0\0\0\0\0\0\0\0\3\0>\0\1\0\0\0\0\0\0\0\0\0\0\0"..., 832) = 832
8897  read(3, "\177ELF\2\1\1\0\0\0\0\0\0\0\0\0\3\0>\0\1\0\0\0\0\0\0\0\0\0\0\0"..., 832) = 832
8897  read(3, "\177ELF\2\1\1\0\0\0\0\0\0\0\0\0\3\0>\0\1\0\0\0\0\0\0\0\0\0\0\0"..., 832) = 832
8897  read(3, "\177ELF\2\1\1\0\0\0\0\0\0\0\0\0\3\0>\0\1\0\0\0\0\0\0\0\0\0\0\0"..., 832) = 832
8897  read(3, "\177ELF\2\1\1\0\0\0\0\0\0\0\0\0\3\0>\0\1\0\0\0\0\0\0\0\0\0\0\0"..., 832) = 832
8897  read(3, "\177ELF\2\1\1\0\0\0\0\0\0\0\0\0\3\0>\0\1\0\0\0\0\0\0\0\0\0\0\0"..., 832) = 832
8897  read(3, "\177ELF\2\1\1\0\0\0\0\0\0\0\0\0\3\0>\0\1\0\0\0\0\0\0\0\0\0\0\0"..., 832) = 832
8897  read(3, "\177ELF\2\1\1\0\0\0\0\0\0\0\0\0\3\0>\0\1\0\0\0\340\20\0\0\0\0\0\0"..., 832) = 832
8897  read(3, "\177ELF\2\1\1\0\0\0\0\0\0\0\0\0\3\0>\0\1\0\0\0\0\0\0\0\0\0\0\0"..., 832) = 832
8897  read(3, "\177ELF\2\1\1\0\0\0\0\0\0\0\0\0\3\0>\0\1\0\0\0\0\0\0\0\0\0\0\0"..., 832) = 832
8897  read(3, "\177ELF\2\1\1\0\0\0\0\0\0\0\0\0\3\0>\0\1\0\0\0\0\0\0\0\0\0\0\0"..., 832) = 832
8897  read(3, "\177ELF\2\1\1\0\0\0\0\0\0\0\0\0\3\0>\0\1\0\0\0\0\0\0\0\0\0\0\0"..., 832) = 832
8897  read(3, "\177ELF\2\1\1\0\0\0\0\0\0\0\0\0\3\0>\0\1\0\0\0\0\0\0\0\0\0\0\0"..., 832) = 832
8897  read(3, "\177ELF\2\1\1\0\0\0\0\0\0\0\0\0\3\0>\0\1\0\0\0\0\0\0\0\0\0\0\0"..., 832) = 832
8897  read(3, "\177ELF\2\1\1\0\0\0\0\0\0\0\0\0\3\0>\0\1\0\0\0\0\0\0\0\0\0\0\0"..., 832) = 832
8897  read(3, "\177ELF\2\1\1\0\0\0\0\0\0\0\0\0\3\0>\0\1\0\0\0\0\0\0\0\0\0\0\0"..., 832) = 832
8897  read(3, "\177ELF\2\1\1\0\0\0\0\0\0\0\0\0\3\0>\0\1\0\0\0\0\0\0\0\0\0\0\0"..., 832) = 832
8897  read(3, "\177ELF\2\1\1\0\0\0\0\0\0\0\0\0\3\0>\0\1\0\0\0\0\0\0\0\0\0\0\0"..., 832) = 832
8897  read(3, "\177ELF\2\1\1\0\0\0\0\0\0\0\0\0\3\0>\0\1\0\0\0\0\0\0\0\0\0\0\0"..., 832) = 832
8897  read(3, "\177ELF\2\1\1\0\0\0\0\0\0\0\0\0\3\0>\0\1\0\0\0\0\0\0\0\0\0\0\0"..., 832) = 832
8897  read(3, "\177ELF\2\1\1\0\0\0\0\0\0\0\0\0\3\0>\0\1\0\0\0\0\0\0\0\0\0\0\0"..., 832) = 832
8897  read(3, "Name:\tnsk\nUmask:\t0022\nState:\tR ("..., 1024) = 1024
8897  read(3, "llowed:\tfff\nCpus_allowed_list:\t0"..., 1024) = 133
8897  read(3, "Name:\tnsk\nUmask:\t0022\nState:\tR ("..., 1024) = 1024
8897  read(3, "llowed:\tfff\nCpus_allowed_list:\t0"..., 1024) = 133
8897  read(3, "", 1024)                 = 0
8897  read(3, "\177ELF\2\1\1\0\0\0\0\0\0\0\0\0\3\0>\0\1\0\0\0\300\317\0\0\0\0\0\0"..., 832) = 832
8897  read(3, "\177ELF\2\1\1\0\0\0\0\0\0\0\0\0\3\0>\0\1\0\0\0\300L \0\0\0\0\0"..., 832) = 832
8897  read(0, "\n", 4)                  = 1
8897  read(0, "\n", 3)                  = 1
8897  read(0, "\n", 2)                  = 1
8897  read(0, "\n", 1)                  = 1
8897  read(3, "\177ELF\2\1\1\0\0\0\0\0\0\0\0\0\3\0>\0\1\0\0\0\0\0\0\0\0\0\0\0"..., 832) = 832
8897  read(4, "\177ELF\2\1\1\0\0\0\0\0\0\0\0\0\3\0>\0\1\0\0\0\0\350\26\0\0\0\0\0"..., 832) = 832
8897  read(4, "0-11\n", 1024)           = 5
8897  read(4, "0-11\n", 1024)           = 5
8897  read(4, "65536\n", 1024)          = 6
8897  read(4, "processor\t: 0\nvendor_id\t: Genuin"..., 1024) = 1024
8897  read(4, "ities\nvmx flags\t: vnmi invvpid e"..., 1024) = 1024
8897  read(4, "55e622d09000-55e622d38000 r--p 0"..., 1024) = 1024
8897  read(4, "        /usr/lib/wsl/drivers/nv_"..., 1024) = 1024
8897  read(4, "0-7f57ef76f000 r--p 02e5a000 08:"..., 1024) = 1024
8897  read(4, "5810d19000-7f5819519000 rw-p 000"..., 1024) = 1024
8897  read(4, "sr/lib/x86_64-linux-gnu/libkeyut"..., 1024) = 1024
8897  read(4, ".6.6.2\n7f584d570000-7f584d571000"..., 1024) = 1024
8897  read(4, "        /usr/lib/x86_64-linux-gn"..., 1024) = 1024
8897  read(4, "10.4.1\n7f584d721000-7f584d780000"..., 1024) = 1024
8897  read(4, "000 08:20 6750                  "..., 1024) = 1024
8897  read(4, "asl2.so.2.0.25\n7f584d9a1000-7f58"..., 1024) = 1024
8897  read(4, "745                    /usr/lib/"..., 1024) = 1024
8897  read(4, "86_64-linux-gnu/libk5crypto.so.3"..., 1024) = 1024
8897  read(4, "84dab8000 rw-p 000c8000 08:20 28"..., 1024) = 1024
8897  read(4, "ls.so.30.31.0\n7f584dc98000-7f584"..., 1024) = 1024
8897  read(4, "-xp 0000c000 08:20 29950        "..., 1024) = 1024
8897  read(4, "f584dffd000-7f584dffe000 r--p 00"..., 1024) = 1024
8897  read(4, "_64-linux-gnu/openblas-pthread/l"..., 1024) = 1024
8897  read(4, ".1.0.0\n7f585045e000-7f5850460000"..., 1024) = 1024
8897  read(4, "32                     /usr/lib/"..., 1024) = 1024
8897  read(4, " 00009000 08:20 151533          "..., 1024) = 1024
8897  read(4, "nux-gnu/liblber-2.5.so.0.1.13\n7f"..., 1024) = 1024
8897  read(4, "                 /usr/lib/x86_64"..., 1024) = 1024
8897  read(4, "                /usr/lib/x86_64-"..., 1024) = 1024
8897  read(4, "a000 08:20 27185                "..., 1024) = 1024
8897  read(4, "-2.5.so.0.1.13\n7f5850615000-7f58"..., 1024) = 1024
8897  read(4, ".so.2.2\n7f58506b5000-7f58506b600"..., 1024) = 1024
8897  read(4, "/libcurl-gnutls.so.4.7.0\n7f58507"..., 1024) = 1024
8897  read(4, "bminizip.so.1.0.0\n7f5850a0b000-7"..., 1024) = 1024
8897  read(4, "000 r--p 00010000 08:20 6640    "..., 1024) = 1024
8897  read(4, "        /usr/lib/x86_64-linux-gn"..., 1024) = 1024
8897  read(4, "86000-7f5850a87000 rw-p 00022000"..., 1024) = 1024
8897  read(4, "ib/x86_64-linux-gnu/libltdl.so.7"..., 1024) = 1024
8897  read(4, "                   /usr/lib/x86_"..., 1024) = 1024
8897  read(4, "rw-p 00028000 08:20 29951       "..., 1024) = 1024
8897  read(4, "cms2.so.2.0.12\n7f5850eac000-7f58"..., 1024) = 1024
8897  read(4, "o.1.12.0\n7f5850efd000-7f5850efe0"..., 1024) = 1024
8897  read(4, "51596                     /usr/l"..., 1024) = 1024
8897  read(4, "1080000-7f58510a3000 r--p 000000"..., 1024) = 1024
8897  read(4, "d/libblas.so.3\n7f5851798000-7f58"..., 1024) = 1024
8897  read(4, " r--p 00140000 08:20 151703     "..., 1024) = 1024
8897  read(4, " 0001c000 08:20 152447          "..., 1024) = 1024
8897  read(4, "sr/lib/x86_64-linux-gnu/libaom.s"..., 1024) = 1024
8897  read(4, "f5854ad6000-7f5854add000 r-xp 00"..., 1024) = 1024
8897  read(4, "\n7f5854f22000-7f5854f25000 rw-p "..., 1024) = 1024
8897  read(4, "     /usr/lib/x86_64-linux-gnu/l"..., 1024) = 1024
8897  read(4, "\n7f58556ae000-7f58556b0000 rw-p "..., 1024) = 1024
8897  read(4, "f5855f24000 r--p 0055d000 08:20 "..., 1024) = 1024
8897  read(4, " rw-p 00148000 08:20 11393      "..., 1024) = 1024
8897  read(4, "            /usr/lib/x86_64-linu"..., 1024) = 1024
8897  read(4, "d000 08:20 6798                 "..., 1024) = 1024
8897  read(4, " 00019000 08:20 152332          "..., 1024) = 1024
8897  read(4, " 152229                     /usr"..., 1024) = 1024
8897  read(4, "bogdi.so.4.1\n7f58567c8000-7f5856"..., 1024) = 1024
8897  read(4, "                 /usr/lib/libmfh"..., 1024) = 1024
8897  read(4, "u/libhdf5_serial.so.103.3.0\n7f58"..., 1024) = 1024
8897  read(4, "4-linux-gnu/libxerces-c-3.2.so\n7"..., 1024) = 1024
8897  read(4, "                   /usr/lib/x86_"..., 1024) = 1024
8897  read(4, "\n7f58571ba000-7f58571d8000 r--p "..., 1024) = 1024
8897  read(4, "sr/lib/x86_64-linux-gnu/libkmlba"..., 1024) = 1024
8897  read(4, "libodbc.so.2.0.0\n7f5857276000-7f"..., 1024) = 1024
8897  read(4, "-7f58572c8000 r--p 00000000 08:2"..., 1024) = 1024
8897  read(4, "4-linux-gnu/libfreexl.so.1.1.0\n7"..., 1024) = 1024
8897  read(4, "             /usr/lib/libarmadil"..., 1024) = 1024
8897  read(4, "         /usr/lib/x86_64-linux-g"..., 1024) = 1024
8897  read(4, "8577e4000-7f58577e7000 r--p 0000"..., 1024) = 1024
8897  read(4, "00015000 08:20 153797           "..., 1024) = 1024
8897  read(4, "\n7f585782a000-7f585782c000 r--p "..., 1024) = 1024
8897  read(4, "-gnu/libgdcmCommon.so.3.0.10\n7f5"..., 1024) = 1024
8897  read(4, "            /usr/lib/x86_64-linu"..., 1024) = 1024
8897  read(4, "bgdcmjpeg12.so.3.0.10\n7f58579050"..., 1024) = 1024
8897  read(4, "p 00196000 08:20 153037         "..., 1024) = 1024
8897  read(4, "       /usr/lib/x86_64-linux-gnu"..., 1024) = 1024
8897  read(4, "x-gnu/libgdcmDSED.so.3.0.10\n7f58"..., 1024) = 1024
8897  read(4, "lib/x86_64-linux-gnu/libIlmImf-2"..., 1024) = 1024
8897  read(4, "59b9f000 r--p 00182000 08:20 487"..., 1024) = 1024
8897  read(4, "-linux-gnu/libc.so.6\n7f5859dc500"..., 1024) = 1024
8897  read(4, "l/cuda-12.1/targets/x86_64-linux"..., 1024) = 1024
8897  read(4, "                /usr/lib/x86_64-"..., 1024) = 1024
8897  read(4, "0 08:20 153960                  "..., 1024) = 1024
8897  read(4, "/lib/x86_64-linux-gnu/libopencv_"..., 1024) = 1024
8897  read(4, "6                     /usr/lib/x"..., 1024) = 1024
8897  read(4, "e34000 r--p 0000d000 08:20 6778 "..., 1024) = 1024
8897  read(4, "o.0.11.5\n7f585ae4d000-7f585ae4e0"..., 1024) = 1024
8897  read(4, "002e000 08:20 6905              "..., 1024) = 1024
8897  read(4, "   /usr/lib/x86_64-linux-gnu/lib"..., 1024) = 1024
8897  read(4, "l/cuda-12.1/targets/x86_64-linux"..., 1024) = 1024
8897  read(4, ".so.1.4.8\n7f587bf17000-7f587bf18"..., 1024) = 1024
8897  read(4, "argets/x86_64-linux/lib/libcubla"..., 1024) = 1024
8897  read(4, "5882897000 r--p 00000000 08:20 2"..., 1024) = 1024
8897  read(4, "p 00003000 08:20 215980         "..., 1024) = 1024
8897  read(4, "11\n7f58828c0000-7f58828c1000 ---"..., 1024) = 1024
8897  read(4, " 6698                       /usr"..., 1024) = 1024
8897  read(4, "c_s.so.1\n7f588292a000-7f588292b0"..., 1024) = 1024
8897  read(4, "gnu/libLLVM.so.19.1\n7f5889eeb000"..., 1024) = 1024
8897  read(4, "/x86_64-linux-gnu/ld-linux-x86-6"..., 1024) = 280
8897  read(4, "", 1024)                 = 0
8897  read(4, "0-11\n", 1024)           = 5
8909  read(4, "\1\0\0\0\0\0\0\0", 8)    = 8
8897  read(9, "\177ELF\2\1\1\0\0\0\0\0\0\0\0\0\3\0>\0\1\0\0\0\240\t\0\0\0\0\0\0"..., 832) = 832
8897  read(9, "0-11\n", 1024)           = 5
8897  read(9, "Name:\tnsk\nUmask:\t0022\nState:\tR ("..., 1024) = 1024
8897  read(9, "llowed:\tfff\nCpus_allowed_list:\t0"..., 1024) = 133
8897  read(9, "Character devices:\n  1 mem\n  4 /"..., 1024) = 563
8910  +++ exited with 0 +++
8897  read(9, "\336<P0\213\317\232\177\1\0\0\0\0\0\0\0\260\301a\3\0\0\0\0\314\0\0\0\0\0\0\0"..., 4096) = 4096
8897  read(9, "\16\0\0\0\0\0\0\0\10\0\0\0\7\0\0\0\20\35\"\1\0\0\0\0\220\312\0\0\0\0\0\0"..., 4096) = 4096
8897  read(9, "\2\0\0\0\345\5\0\0\0\0\0\0\0\0\0\0TB\0\0\0\0\0\0\2\0\0\0\326\5\0\0"..., 4096) = 4096
8897  read(9, "__assertfail\0.text.__cuda_sm70_v"..., 2285568) = 2285568
8897  read(9, "\30y\0\0\0\0\0\0\0\0\0\0\0\300\17\0\30y\0\0\0\0\0\0\0\0\0\0\0\300\17\0"..., 4096) = 4096
8897  read(9, "\0\0\0\0\0\0\0\0\234Z\0\0\0\0\0\0\2\0\0\0\211\5\0\0\0\0\0\0\0\0\0\0"..., 4096) = 4096
8897  read(9, "aunchQueueCheckAndLaunchIfNecess"..., 2678784) = 2678784
8897  read(9, "\2\0\0\0\233\5\0\0\0\0\0\0\0\0\0\0\374V\0\0\0\0\0\0\2\0\0\0\242\5\0\0"..., 4096) = 4096
8911  read(10, "\1\0\0\0\0\0\0\0", 8)   = 8
8911  read(10, "\1\0\0\0\0\0\0\0", 8)   = 8
8897  read(13, "TZif2\0\0\0\0\0\0\0\0\0\0\0\0\0\0\0\0\0\0\0\0\0\0\0\0\0\0\0"..., 4096) = 1444
8897  read(13, "TZif2\0\0\0\0\0\0\0\0\0\0\0\0\0\0\0\0\0\0\0\0\0\0\0\0\0\0\0"..., 4096) = 910
8911  read(10, "\1\0\0\0\0\0\0\0", 8)   = 8
8897  read(15, "\177ELF\2\1\1\3\0\0\0\0\0\0\0\0\3\0>\0\1\0\0\0`\221\4\0\0\0\0\0"..., 832) = 832
8897  read(0, 0x55e62be25460, 1024)     = ? ERESTARTSYS (To be restarted if SA_RESTART is set)
8897  --- SIGINT {si_signo=SIGINT, si_code=SI_KERNEL} ---
8908  +++ killed by SIGINT +++
8911  +++ killed by SIGINT +++
8909  +++ killed by SIGINT +++
8907  +++ killed by SIGINT +++
8906  +++ killed by SIGINT +++
8905  +++ killed by SIGINT +++
8904  +++ killed by SIGINT +++
8903  +++ killed by SIGINT +++
8902  +++ killed by SIGINT +++
8901  +++ killed by SIGINT +++
8899  +++ killed by SIGINT +++
8898  +++ killed by SIGINT +++
8900  +++ killed by SIGINT +++
8897  +++ killed by SIGINT +++
